

At 15000 on op 6
a = 2232715274, b = 577413444
Result -> DUT_data = 32768, Expected_data = 32768

At 30000 on op 2
a = -1729470927, b = -1223542674
Result -> DUT_data = 1, Expected_data = 1

At 45000 on op 0
a = 3172695674, b = 1350003104
Result -> DUT_data = 227731482, Expected_data = 227731482

At 60000 on op 2
a = -435557172, b = -1595926975
Result -> DUT_data = 0, Expected_data = 0

At 75000 on op 5
a = 1240566163, b = 36919556
Result -> DUT_data = 1274272151, Expected_data = 1274272151

At 90000 on op 8
a = 3059381356, b = 6
Result -> DUT_data = 47802833, Expected_data = 47802833

At 105000 on op 0
a = 292572962, b = 4155139823
Result -> DUT_data = 152745489, Expected_data = 152745489

At 120000 on op 5
a = 1610089407, b = 1907169251
Result -> DUT_data = 2147293183, Expected_data = 2147293183

At 135000 on op 5
a = 3852618443, b = 1772852179
Result -> DUT_data = 3987463131, Expected_data = 3987463131

At 150000 on op 8
a = 3847597258, b = 19
Result -> DUT_data = 7338, Expected_data = 7338

At 165000 on op 10
a = 2859117140, b = 2325362197
Result -> DUT_data = 2325362197, Expected_data = 2325362197

At 180000 on op 8
a = 136857360, b = 31
Result -> DUT_data = 0, Expected_data = 0

At 195000 on op 4
a = 3646908082, b = 1315950492
Result -> DUT_data = 2536548654, Expected_data = 2536548654

At 210000 on op 4
a = 1240269203, b = 995984246
Result -> DUT_data = 1924170469, Expected_data = 1924170469

At 225000 on op 3
a = 3384212115, b = 3416841879
Result -> DUT_data = 1, Expected_data = 1

At 240000 on op 10
a = 2257343501, b = 814612321
Result -> DUT_data = 814612321, Expected_data = 814612321

At 255000 on op 2
a = 341374760, b = -999426424
Result -> DUT_data = 0, Expected_data = 0

At 270000 on op 0
a = 3597834924, b = 616446281
Result -> DUT_data = 4214281205, Expected_data = 4214281205

At 285000 on op 8
a = 1277732248, b = 31
Result -> DUT_data = 0, Expected_data = 0

At 300000 on op 4
a = 2946429535, b = 2769224266
Result -> DUT_data = 177336341, Expected_data = 177336341

At 315000 on op 4
a = 4046482658, b = 71045384
Result -> DUT_data = 4111236586, Expected_data = 4111236586

At 330000 on op 4
a = 2155834368, b = 3396433556
Result -> DUT_data = 1242438292, Expected_data = 1242438292

At 345000 on op 7
a = 1436587947, b = 11
Result -> DUT_data = 79517696, Expected_data = 79517696

At 360000 on op 0
a = 1307052443, b = 844285284
Result -> DUT_data = 2151337727, Expected_data = 2151337727

At 375000 on op 2
a = 1127654790, b = 1010856824
Result -> DUT_data = 0, Expected_data = 0

At 390000 on op 2
a = -175368469, b = -742911321
Result -> DUT_data = 0, Expected_data = 0

At 405000 on op 5
a = 4113823466, b = 4084431590
Result -> DUT_data = 4151574254, Expected_data = 4151574254

At 420000 on op 2
a = 1243515284, b = 1841706971
Result -> DUT_data = 1, Expected_data = 1

At 435000 on op 6
a = 753113945, b = 424341298
Result -> DUT_data = 138578704, Expected_data = 138578704

At 450000 on op 9
a = 4218972406, b = 9
Result -> DUT_data = 4294818868, Expected_data = 4294818868

At 465000 on op 3
a = 3806841029, b = 1066432895
Result -> DUT_data = 0, Expected_data = 0

At 480000 on op 0
a = 3032598121, b = 1533117366
Result -> DUT_data = 270748191, Expected_data = 270748191

At 495000 on op 0
a = 2708940354, b = 2118271996
Result -> DUT_data = 532245054, Expected_data = 532245054

At 510000 on op 1
a = 3099115633, b = 224159002
Result -> DUT_data = 2874956631, Expected_data = 2874956631

At 525000 on op 7
a = 3323620492, b = 13
Result -> DUT_data = 1301381120, Expected_data = 1301381120

At 540000 on op 0
a = 1701404618, b = 3971111129
Result -> DUT_data = 1377548451, Expected_data = 1377548451

At 555000 on op 3
a = 4046608610, b = 165639955
Result -> DUT_data = 0, Expected_data = 0

At 570000 on op 6
a = 3041590378, b = 4149136110
Result -> DUT_data = 3041577066, Expected_data = 3041577066

At 585000 on op 4
a = 3560925864, b = 2551701040
Result -> DUT_data = 1277736088, Expected_data = 1277736088

At 600000 on op 6
a = 3744270526, b = 109581069
Result -> DUT_data = 101187596, Expected_data = 101187596

At 615000 on op 5
a = 897476970, b = 2817852495
Result -> DUT_data = 3086970223, Expected_data = 3086970223

At 630000 on op 4
a = 4081199846, b = 1370353059
Result -> DUT_data = 2733623109, Expected_data = 2733623109

At 645000 on op 1
a = 676650320, b = 1977876971
Result -> DUT_data = 2993740645, Expected_data = 2993740645

At 660000 on op 10
a = 4216705782, b = 1898042850
Result -> DUT_data = 1898042850, Expected_data = 1898042850

At 675000 on op 8
a = 572461892, b = 20
Result -> DUT_data = 545, Expected_data = 545

At 690000 on op 4
a = 4171870961, b = 1849175516
Result -> DUT_data = 2526125869, Expected_data = 2526125869

At 705000 on op 8
a = 1205011855, b = 8
Result -> DUT_data = 4707077, Expected_data = 4707077

At 720000 on op 10
a = 1048320380, b = 1849603036
Result -> DUT_data = 1849603036, Expected_data = 1849603036

At 735000 on op 9
a = 669655887, b = 28
Result -> DUT_data = 2, Expected_data = 2

At 750000 on op 9
a = 4202331380, b = 11
Result -> DUT_data = 4294922063, Expected_data = 4294922063

At 765000 on op 6
a = 1180285836, b = 2624282168
Result -> DUT_data = 71899656, Expected_data = 71899656

At 780000 on op 0
a = 310993189, b = 815199585
Result -> DUT_data = 1126192774, Expected_data = 1126192774

At 795000 on op 2
a = -2050981877, b = 1629737922
Result -> DUT_data = 1, Expected_data = 1

At 810000 on op 8
a = 1811698647, b = 20
Result -> DUT_data = 1727, Expected_data = 1727

At 825000 on op 1
a = 2603149878, b = 1012906872
Result -> DUT_data = 1590243006, Expected_data = 1590243006

At 840000 on op 6
a = 4003719901, b = 1415456680
Result -> DUT_data = 1140990600, Expected_data = 1140990600

At 855000 on op 2
a = 2100206586, b = 886666601
Result -> DUT_data = 0, Expected_data = 0

At 870000 on op 5
a = 3477815454, b = 288016674
Result -> DUT_data = 3748383166, Expected_data = 3748383166

At 885000 on op 10
a = 2984247395, b = 3469637277
Result -> DUT_data = 3469637277, Expected_data = 3469637277

At 900000 on op 10
a = 2369336346, b = 824893794
Result -> DUT_data = 824893794, Expected_data = 824893794

At 915000 on op 7
a = 1823135705, b = 20
Result -> DUT_data = 2106589184, Expected_data = 2106589184

At 930000 on op 8
a = 2276086287, b = 24
Result -> DUT_data = 135, Expected_data = 135

At 945000 on op 10
a = 2577980979, b = 2099241466
Result -> DUT_data = 2099241466, Expected_data = 2099241466

At 960000 on op 3
a = 2934873181, b = 3459206812
Result -> DUT_data = 1, Expected_data = 1

At 975000 on op 3
a = 3490520736, b = 1630531522
Result -> DUT_data = 0, Expected_data = 0

At 990000 on op 1
a = 796429662, b = 2898426457
Result -> DUT_data = 2192970501, Expected_data = 2192970501

At 1005000 on op 1
a = 2968292449, b = 991034230
Result -> DUT_data = 1977258219, Expected_data = 1977258219

At 1020000 on op 8
a = 801087839, b = 4
Result -> DUT_data = 50067989, Expected_data = 50067989

At 1035000 on op 4
a = 2524422188, b = 813533024
Result -> DUT_data = 2785683276, Expected_data = 2785683276

At 1050000 on op 4
a = 3103370865, b = 2061539317
Result -> DUT_data = 3256433028, Expected_data = 3256433028

At 1065000 on op 1
a = 1658671045, b = 3036817514
Result -> DUT_data = 2916820827, Expected_data = 2916820827

At 1080000 on op 8
a = 893614442, b = 16
Result -> DUT_data = 13635, Expected_data = 13635

At 1095000 on op 4
a = 2321148436, b = 1149816713
Result -> DUT_data = 3469813149, Expected_data = 3469813149

At 1110000 on op 9
a = 2699316801, b = 7
Result -> DUT_data = 4282501276, Expected_data = 4282501276

At 1125000 on op 6
a = 3135275637, b = 2357712921
Result -> DUT_data = 2290122769, Expected_data = 2290122769

At 1140000 on op 5
a = 1180839308, b = 2224132617
Result -> DUT_data = 3337863053, Expected_data = 3337863053

At 1155000 on op 2
a = 511883581, b = -924820335
Result -> DUT_data = 0, Expected_data = 0

At 1170000 on op 7
a = 2612016695, b = 19
Result -> DUT_data = 2981625856, Expected_data = 2981625856

At 1185000 on op 6
a = 3558298792, b = 1485359537
Result -> DUT_data = 1342193824, Expected_data = 1342193824

At 1200000 on op 4
a = 2649698875, b = 3471079069
Result -> DUT_data = 1393247398, Expected_data = 1393247398

At 1215000 on op 8
a = 3162418296, b = 7
Result -> DUT_data = 24706392, Expected_data = 24706392

At 1230000 on op 7
a = 195697943, b = 20
Result -> DUT_data = 3513778176, Expected_data = 3513778176

At 1245000 on op 1
a = 353490730, b = 2603039286
Result -> DUT_data = 2045418740, Expected_data = 2045418740

At 1260000 on op 6
a = 1961393129, b = 3831685320
Result -> DUT_data = 1684037832, Expected_data = 1684037832

At 1275000 on op 7
a = 3354624655, b = 8
Result -> DUT_data = 4085419776, Expected_data = 4085419776

At 1290000 on op 3
a = 4238576889, b = 661215054
Result -> DUT_data = 0, Expected_data = 0

At 1305000 on op 3
a = 1025508218, b = 2479436839
Result -> DUT_data = 1, Expected_data = 1

At 1320000 on op 10
a = 3281205383, b = 1302699931
Result -> DUT_data = 1302699931, Expected_data = 1302699931

At 1335000 on op 0
a = 858467686, b = 1447930796
Result -> DUT_data = 2306398482, Expected_data = 2306398482

At 1350000 on op 7
a = 3054161004, b = 10
Result -> DUT_data = 724676608, Expected_data = 724676608

At 1365000 on op 1
a = 489516858, b = 408341808
Result -> DUT_data = 81175050, Expected_data = 81175050

At 1380000 on op 3
a = 2961005664, b = 210080537
Result -> DUT_data = 0, Expected_data = 0

At 1395000 on op 2
a = 1603838911, b = -311816998
Result -> DUT_data = 0, Expected_data = 0

At 1410000 on op 6
a = 2333247510, b = 3576796842
Result -> DUT_data = 2165342210, Expected_data = 2165342210

At 1425000 on op 10
a = 3529692324, b = 1363990946
Result -> DUT_data = 1363990946, Expected_data = 1363990946

At 1440000 on op 4
a = 3636538033, b = 2314970643
Result -> DUT_data = 1362791586, Expected_data = 1362791586

At 1455000 on op 4
a = 3934741717, b = 284417825
Result -> DUT_data = 4201954292, Expected_data = 4201954292

At 1470000 on op 7
a = 3526556836, b = 18
Result -> DUT_data = 4069523456, Expected_data = 4069523456

At 1485000 on op 5
a = 3847965898, b = 2547870255
Result -> DUT_data = 4158615279, Expected_data = 4158615279

At 1500000 on op 4
a = 1141672328, b = 2814606927
Result -> DUT_data = 3822057415, Expected_data = 3822057415

At 1515000 on op 2
a = -1042360701, b = 1681115080
Result -> DUT_data = 1, Expected_data = 1

At 1530000 on op 3
a = 2724790852, b = 1694230985
Result -> DUT_data = 0, Expected_data = 0

At 1545000 on op 4
a = 2423737376, b = 170725652
Result -> DUT_data = 2589613364, Expected_data = 2589613364

At 1560000 on op 8
a = 2116828156, b = 20
Result -> DUT_data = 2018, Expected_data = 2018

At 1575000 on op 4
a = 2177841667, b = 2978250851
Result -> DUT_data = 810269280, Expected_data = 810269280

At 1590000 on op 6
a = 1608230847, b = 2394282525
Result -> DUT_data = 244417053, Expected_data = 244417053

At 1605000 on op 9
a = 1570123195, b = 16
Result -> DUT_data = 23958, Expected_data = 23958

At 1620000 on op 10
a = 3164665977, b = 824026466
Result -> DUT_data = 824026466, Expected_data = 824026466

At 1635000 on op 3
a = 2018398704, b = 2680896575
Result -> DUT_data = 1, Expected_data = 1

At 1650000 on op 5
a = 2200830982, b = 1706616267
Result -> DUT_data = 3888047567, Expected_data = 3888047567

At 1665000 on op 4
a = 3163735673, b = 981903221
Result -> DUT_data = 2249482508, Expected_data = 2249482508

At 1680000 on op 7
a = 1503637939, b = 20
Result -> DUT_data = 456130560, Expected_data = 456130560

At 1695000 on op 2
a = -1892219362, b = 2141268479
Result -> DUT_data = 1, Expected_data = 1

At 1710000 on op 0
a = 2327471637, b = 4085827303
Result -> DUT_data = 2118331644, Expected_data = 2118331644

At 1725000 on op 9
a = 3129042037, b = 3
Result -> DUT_data = 4149226638, Expected_data = 4149226638

At 1740000 on op 8
a = 1308894620, b = 11
Result -> DUT_data = 639108, Expected_data = 639108

At 1755000 on op 8
a = 3526244516, b = 25
Result -> DUT_data = 105, Expected_data = 105

At 1770000 on op 0
a = 3731280572, b = 557652290
Result -> DUT_data = 4288932862, Expected_data = 4288932862

At 1785000 on op 1
a = 3479119006, b = 121345806
Result -> DUT_data = 3357773200, Expected_data = 3357773200

At 1800000 on op 10
a = 1731076558, b = 384237869
Result -> DUT_data = 384237869, Expected_data = 384237869

At 1815000 on op 1
a = 299521827, b = 3058286700
Result -> DUT_data = 1536202423, Expected_data = 1536202423

At 1830000 on op 10
a = 1989525485, b = 1303362459
Result -> DUT_data = 1303362459, Expected_data = 1303362459

At 1845000 on op 2
a = -632380748, b = 1896460258
Result -> DUT_data = 1, Expected_data = 1

At 1860000 on op 2
a = -1339853216, b = 1326948254
Result -> DUT_data = 1, Expected_data = 1

At 1875000 on op 9
a = 624016202, b = 27
Result -> DUT_data = 4, Expected_data = 4

At 1890000 on op 8
a = 124920078, b = 4
Result -> DUT_data = 7807504, Expected_data = 7807504

At 1905000 on op 5
a = 3757561535, b = 3293235848
Result -> DUT_data = 3758087871, Expected_data = 3758087871

At 1920000 on op 10
a = 3292660872, b = 2256244236
Result -> DUT_data = 2256244236, Expected_data = 2256244236

At 1935000 on op 7
a = 2203723782, b = 11
Result -> DUT_data = 3510644736, Expected_data = 3510644736

At 1950000 on op 8
a = 3929872596, b = 18
Result -> DUT_data = 14991, Expected_data = 14991

At 1965000 on op 0
a = 3304239241, b = 3097245297
Result -> DUT_data = 2106517242, Expected_data = 2106517242

At 1980000 on op 4
a = 4161042672, b = 1300638107
Result -> DUT_data = 3045216619, Expected_data = 3045216619

At 1995000 on op 1
a = 194489111, b = 2751730760
Result -> DUT_data = 1737725647, Expected_data = 1737725647

At 2010000 on op 0
a = 2653918268, b = 2851951699
Result -> DUT_data = 1210902671, Expected_data = 1210902671

At 2025000 on op 6
a = 1330748318, b = 1117315973
Result -> DUT_data = 1108378500, Expected_data = 1108378500

At 2040000 on op 5
a = 4183754482, b = 2316678676
Result -> DUT_data = 4217353974, Expected_data = 4217353974

At 2055000 on op 6
a = 1656353221, b = 1873945055
Result -> DUT_data = 1655710149, Expected_data = 1655710149

At 2070000 on op 0
a = 2616007735, b = 33172739
Result -> DUT_data = 2649180474, Expected_data = 2649180474

At 2085000 on op 8
a = 1968101866, b = 13
Result -> DUT_data = 240246, Expected_data = 240246

At 2100000 on op 1
a = 3348432527, b = 1767301586
Result -> DUT_data = 1581130941, Expected_data = 1581130941

At 2115000 on op 7
a = 2724811844, b = 7
Result -> DUT_data = 883565056, Expected_data = 883565056

At 2130000 on op 2
a = -1180746637, b = -189754135
Result -> DUT_data = 1, Expected_data = 1

At 2145000 on op 9
a = 2068324342, b = 21
Result -> DUT_data = 986, Expected_data = 986

At 2160000 on op 10
a = 2136049662, b = 2620835896
Result -> DUT_data = 2620835896, Expected_data = 2620835896

At 2175000 on op 10
a = 2795078221, b = 3043452010
Result -> DUT_data = 3043452010, Expected_data = 3043452010

At 2190000 on op 0
a = 3861700812, b = 2001332718
Result -> DUT_data = 1568066234, Expected_data = 1568066234

At 2205000 on op 3
a = 784748381, b = 3554802855
Result -> DUT_data = 1, Expected_data = 1

At 2220000 on op 6
a = 538787136, b = 1864485854
Result -> DUT_data = 536938816, Expected_data = 536938816

At 2235000 on op 8
a = 2131441150, b = 28
Result -> DUT_data = 7, Expected_data = 7

At 2250000 on op 6
a = 2159538689, b = 1539849143
Result -> DUT_data = 8401409, Expected_data = 8401409

At 2265000 on op 3
a = 3813169862, b = 97923339
Result -> DUT_data = 0, Expected_data = 0

At 2280000 on op 8
a = 3150451831, b = 29
Result -> DUT_data = 5, Expected_data = 5

At 2295000 on op 8
a = 2599629877, b = 23
Result -> DUT_data = 309, Expected_data = 309

At 2310000 on op 8
a = 2691973184, b = 13
Result -> DUT_data = 328610, Expected_data = 328610

At 2325000 on op 4
a = 2754281032, b = 2711350339
Result -> DUT_data = 95490571, Expected_data = 95490571

At 2340000 on op 8
a = 1071596927, b = 15
Result -> DUT_data = 32702, Expected_data = 32702

At 2355000 on op 2
a = -1087050114, b = -1184950158
Result -> DUT_data = 0, Expected_data = 0

At 2370000 on op 5
a = 1559480761, b = 2523220012
Result -> DUT_data = 3740780989, Expected_data = 3740780989

At 2385000 on op 3
a = 3680406198, b = 9813761
Result -> DUT_data = 0, Expected_data = 0

At 2400000 on op 8
a = 3474108574, b = 5
Result -> DUT_data = 108565892, Expected_data = 108565892

At 2415000 on op 10
a = 1959910889, b = 271975712
Result -> DUT_data = 271975712, Expected_data = 271975712

At 2430000 on op 1
a = 3153848439, b = 986347381
Result -> DUT_data = 2167501058, Expected_data = 2167501058

At 2445000 on op 0
a = 3498139297, b = 3848079050
Result -> DUT_data = 3051251051, Expected_data = 3051251051

At 2460000 on op 9
a = 1774474707, b = 12
Result -> DUT_data = 433221, Expected_data = 433221

At 2475000 on op 3
a = 4266107132, b = 3795576004
Result -> DUT_data = 0, Expected_data = 0

At 2490000 on op 7
a = 410910512, b = 7
Result -> DUT_data = 1056937984, Expected_data = 1056937984

At 2505000 on op 5
a = 4276322557, b = 664633167
Result -> DUT_data = 4294967295, Expected_data = 4294967295

At 2520000 on op 2
a = 911298924, b = -273148193
Result -> DUT_data = 0, Expected_data = 0

At 2535000 on op 7
a = 1670096327, b = 10
Result -> DUT_data = 781655040, Expected_data = 781655040

At 2550000 on op 9
a = 1880235488, b = 10
Result -> DUT_data = 1836167, Expected_data = 1836167

At 2565000 on op 5
a = 3296017544, b = 2160802305
Result -> DUT_data = 3305062025, Expected_data = 3305062025

At 2580000 on op 4
a = 2909322330, b = 3928638676
Result -> DUT_data = 1195571342, Expected_data = 1195571342

At 2595000 on op 3
a = 3948610774, b = 419698994
Result -> DUT_data = 0, Expected_data = 0

At 2610000 on op 6
a = 1402767783, b = 1853195228
Result -> DUT_data = 1108640132, Expected_data = 1108640132

At 2625000 on op 6
a = 3960586968, b = 2984778339
Result -> DUT_data = 2684355136, Expected_data = 2684355136

At 2640000 on op 3
a = 1484424112, b = 2467963430
Result -> DUT_data = 1, Expected_data = 1

At 2655000 on op 8
a = 1092638082, b = 3
Result -> DUT_data = 136579760, Expected_data = 136579760

At 2670000 on op 2
a = 513895741, b = 621012298
Result -> DUT_data = 1, Expected_data = 1

At 2685000 on op 9
a = 3122737780, b = 28
Result -> DUT_data = 4294967291, Expected_data = 4294967291

At 2700000 on op 5
a = 3982579418, b = 1579875772
Result -> DUT_data = 4285267966, Expected_data = 4285267966

At 2715000 on op 7
a = 2451811876, b = 12
Result -> DUT_data = 987906048, Expected_data = 987906048

At 2730000 on op 9
a = 2189589509, b = 27
Result -> DUT_data = 4294967280, Expected_data = 4294967280

At 2745000 on op 9
a = 2661229629, b = 27
Result -> DUT_data = 4294967283, Expected_data = 4294967283

At 2760000 on op 8
a = 1044149628, b = 11
Result -> DUT_data = 509838, Expected_data = 509838

At 2775000 on op 8
a = 1537907127, b = 8
Result -> DUT_data = 6007449, Expected_data = 6007449

At 2790000 on op 10
a = 2817560143, b = 1072683903
Result -> DUT_data = 1072683903, Expected_data = 1072683903

At 2805000 on op 5
a = 989217653, b = 4178256114
Result -> DUT_data = 4227818487, Expected_data = 4227818487

At 2820000 on op 6
a = 493138746, b = 1473336751
Result -> DUT_data = 356520234, Expected_data = 356520234

At 2835000 on op 4
a = 1196265870, b = 2547352111
Result -> DUT_data = 3499627425, Expected_data = 3499627425

At 2850000 on op 8
a = 3999986908, b = 14
Result -> DUT_data = 244139, Expected_data = 244139

At 2865000 on op 9
a = 1308962716, b = 26
Result -> DUT_data = 19, Expected_data = 19

At 2880000 on op 3
a = 3929557716, b = 3019094631
Result -> DUT_data = 0, Expected_data = 0

At 2895000 on op 8
a = 858661734, b = 15
Result -> DUT_data = 26204, Expected_data = 26204

At 2910000 on op 0
a = 1965868010, b = 3701022393
Result -> DUT_data = 1371923107, Expected_data = 1371923107

At 2925000 on op 5
a = 2309325843, b = 591644486
Result -> DUT_data = 2884093783, Expected_data = 2884093783

At 2940000 on op 9
a = 1948594664, b = 19
Result -> DUT_data = 3716, Expected_data = 3716

At 2955000 on op 2
a = 334198567, b = 1564236730
Result -> DUT_data = 1, Expected_data = 1

At 2970000 on op 3
a = 322449190, b = 1797476822
Result -> DUT_data = 1, Expected_data = 1

At 2985000 on op 7
a = 3853483723, b = 24
Result -> DUT_data = 3405774848, Expected_data = 3405774848

At 3000000 on op 3
a = 1419214249, b = 3906626769
Result -> DUT_data = 1, Expected_data = 1

At 3015000 on op 8
a = 4035952865, b = 25
Result -> DUT_data = 120, Expected_data = 120

At 3030000 on op 6
a = 2945852511, b = 1583342524
Result -> DUT_data = 236331036, Expected_data = 236331036

At 3045000 on op 0
a = 1380464036, b = 3248675971
Result -> DUT_data = 334172711, Expected_data = 334172711

At 3060000 on op 7
a = 812454752, b = 12
Result -> DUT_data = 3509977088, Expected_data = 3509977088

At 3075000 on op 0
a = 1661225926, b = 3417975959
Result -> DUT_data = 784234589, Expected_data = 784234589

At 3090000 on op 5
a = 3267412101, b = 2110437371
Result -> DUT_data = 4291491839, Expected_data = 4291491839

At 3105000 on op 10
a = 3145019510, b = 1074763648
Result -> DUT_data = 1074763648, Expected_data = 1074763648

At 3120000 on op 6
a = 2878687319, b = 1115306884
Result -> DUT_data = 34605060, Expected_data = 34605060

At 3135000 on op 9
a = 2845888595, b = 8
Result -> DUT_data = 4289306832, Expected_data = 4289306832

At 3150000 on op 1
a = 3491397280, b = 2062553589
Result -> DUT_data = 1428843691, Expected_data = 1428843691

At 3165000 on op 1
a = 2980547171, b = 1320101789
Result -> DUT_data = 1660445382, Expected_data = 1660445382

At 3180000 on op 10
a = 212579097, b = 2388685340
Result -> DUT_data = 2388685340, Expected_data = 2388685340

At 3195000 on op 7
a = 1523275189, b = 5
Result -> DUT_data = 1500165792, Expected_data = 1500165792

At 3210000 on op 1
a = 1526591413, b = 2942221406
Result -> DUT_data = 2879337303, Expected_data = 2879337303

At 3225000 on op 4
a = 4187066099, b = 3394699924
Result -> DUT_data = 868650087, Expected_data = 868650087

At 3240000 on op 0
a = 1943840231, b = 2653284924
Result -> DUT_data = 302157859, Expected_data = 302157859

At 3255000 on op 7
a = 2036743666, b = 13
Result -> DUT_data = 3351134208, Expected_data = 3351134208

At 3270000 on op 5
a = 2736833094, b = 185107222
Result -> DUT_data = 2871575382, Expected_data = 2871575382

At 3285000 on op 3
a = 3314960011, b = 517282621
Result -> DUT_data = 0, Expected_data = 0

At 3300000 on op 1
a = 2626649145, b = 602441543
Result -> DUT_data = 2024207602, Expected_data = 2024207602

At 3315000 on op 4
a = 368287019, b = 2374272027
Result -> DUT_data = 2557942064, Expected_data = 2557942064

At 3330000 on op 3
a = 2441536035, b = 1116303237
Result -> DUT_data = 0, Expected_data = 0

At 3345000 on op 6
a = 2935781469, b = 1780914132
Result -> DUT_data = 707006548, Expected_data = 707006548

At 3360000 on op 8
a = 2350078488, b = 28
Result -> DUT_data = 8, Expected_data = 8

At 3375000 on op 6
a = 2153361920, b = 108407052
Result -> DUT_data = 5251072, Expected_data = 5251072

At 3390000 on op 8
a = 1419062697, b = 1
Result -> DUT_data = 709531348, Expected_data = 709531348

At 3405000 on op 0
a = 2044073459, b = 2191888389
Result -> DUT_data = 4235961848, Expected_data = 4235961848

At 3420000 on op 7
a = 2507716650, b = 9
Result -> DUT_data = 4050670592, Expected_data = 4050670592

At 3435000 on op 5
a = 2309874195, b = 4113627882
Result -> DUT_data = 4257086203, Expected_data = 4257086203

At 3450000 on op 0
a = 3469935773, b = 1484452784
Result -> DUT_data = 659421261, Expected_data = 659421261

At 3465000 on op 3
a = 149820177, b = 1328724894
Result -> DUT_data = 1, Expected_data = 1

At 3480000 on op 3
a = 3093153904, b = 773743452
Result -> DUT_data = 0, Expected_data = 0

At 3495000 on op 7
a = 3654212787, b = 14
Result -> DUT_data = 3073163264, Expected_data = 3073163264

At 3510000 on op 6
a = 3326262924, b = 3834862793
Result -> DUT_data = 3288472712, Expected_data = 3288472712

At 3525000 on op 10
a = 3770373313, b = 3437303961
Result -> DUT_data = 3437303961, Expected_data = 3437303961

At 3540000 on op 9
a = 2509059115, b = 2
Result -> DUT_data = 3848490250, Expected_data = 3848490250

At 3555000 on op 8
a = 537852736, b = 10
Result -> DUT_data = 525246, Expected_data = 525246

At 3570000 on op 4
a = 1722603469, b = 3567871145
Result -> DUT_data = 2986718052, Expected_data = 2986718052

At 3585000 on op 3
a = 1227818898, b = 32873731
Result -> DUT_data = 0, Expected_data = 0

At 3600000 on op 1
a = 2774315594, b = 3527154852
Result -> DUT_data = 3542128038, Expected_data = 3542128038

At 3615000 on op 10
a = 2200035334, b = 2565996593
Result -> DUT_data = 2565996593, Expected_data = 2565996593

At 3630000 on op 9
a = 3272570502, b = 21
Result -> DUT_data = 4294966808, Expected_data = 4294966808

At 3645000 on op 3
a = 1905876451, b = 484978489
Result -> DUT_data = 0, Expected_data = 0

At 3660000 on op 6
a = 502309691, b = 3547360422
Result -> DUT_data = 292560930, Expected_data = 292560930

At 3675000 on op 10
a = 1908998627, b = 1375281059
Result -> DUT_data = 1375281059, Expected_data = 1375281059

At 3690000 on op 1
a = 1755037649, b = 1792910293
Result -> DUT_data = 4257094652, Expected_data = 4257094652

At 3705000 on op 8
a = 1958127081, b = 7
Result -> DUT_data = 15297867, Expected_data = 15297867

At 3720000 on op 2
a = 1592565181, b = -1583919037
Result -> DUT_data = 0, Expected_data = 0

At 3735000 on op 5
a = 1685316040, b = 852337509
Result -> DUT_data = 1996481517, Expected_data = 1996481517

At 3750000 on op 2
a = -1050193790, b = 1853691356
Result -> DUT_data = 1, Expected_data = 1

At 3765000 on op 2
a = -421873971, b = -1370154404
Result -> DUT_data = 0, Expected_data = 0

At 3780000 on op 8
a = 80128777, b = 31
Result -> DUT_data = 0, Expected_data = 0

At 3795000 on op 6
a = 2476246055, b = 1943040487
Result -> DUT_data = 328204327, Expected_data = 328204327

At 3810000 on op 6
a = 3263947909, b = 3347895951
Result -> DUT_data = 3263743109, Expected_data = 3263743109

At 3825000 on op 0
a = 3345145998, b = 2390104092
Result -> DUT_data = 1440282794, Expected_data = 1440282794

At 3840000 on op 10
a = 713334613, b = 1703722955
Result -> DUT_data = 1703722955, Expected_data = 1703722955

At 3855000 on op 4
a = 868163943, b = 1146846088
Result -> DUT_data = 2011454191, Expected_data = 2011454191

At 3870000 on op 9
a = 3686900919, b = 23
Result -> DUT_data = 4294967223, Expected_data = 4294967223

At 3885000 on op 6
a = 1926631397, b = 3774219457
Result -> DUT_data = 1624638657, Expected_data = 1624638657

At 3900000 on op 3
a = 2773165130, b = 1351685025
Result -> DUT_data = 0, Expected_data = 0

At 3915000 on op 6
a = 4083234022, b = 108135692
Result -> DUT_data = 39846916, Expected_data = 39846916

At 3930000 on op 6
a = 4124467435, b = 505988412
Result -> DUT_data = 335560744, Expected_data = 335560744

At 3945000 on op 7
a = 4219164918, b = 17
Result -> DUT_data = 2985033728, Expected_data = 2985033728

At 3960000 on op 4
a = 4248526586, b = 681655121
Result -> DUT_data = 3583665579, Expected_data = 3583665579

At 3975000 on op 6
a = 4068628197, b = 619867465
Result -> DUT_data = 545408065, Expected_data = 545408065

At 3990000 on op 1
a = 1345589152, b = 3933110484
Result -> DUT_data = 1707445964, Expected_data = 1707445964

At 4005000 on op 9
a = 3589743275, b = 8
Result -> DUT_data = 4292212514, Expected_data = 4292212514

At 4020000 on op 6
a = 83958026, b = 638832460
Result -> DUT_data = 67176712, Expected_data = 67176712

At 4035000 on op 9
a = 1290517913, b = 8
Result -> DUT_data = 5041085, Expected_data = 5041085

At 4050000 on op 1
a = 1285310873, b = 2398799901
Result -> DUT_data = 3181478268, Expected_data = 3181478268

At 4065000 on op 5
a = 19144450, b = 3695000760
Result -> DUT_data = 3711778746, Expected_data = 3711778746

At 4080000 on op 6
a = 3009323110, b = 263694623
Result -> DUT_data = 51814406, Expected_data = 51814406

At 4095000 on op 5
a = 2428253729, b = 2873756246
Result -> DUT_data = 3154001527, Expected_data = 3154001527

At 4110000 on op 2
a = -186726167, b = 767600475
Result -> DUT_data = 1, Expected_data = 1

At 4125000 on op 1
a = 276633376, b = 2731012677
Result -> DUT_data = 1840587995, Expected_data = 1840587995

At 4140000 on op 9
a = 1913462244, b = 15
Result -> DUT_data = 58394, Expected_data = 58394

At 4155000 on op 3
a = 440102196, b = 1900902370
Result -> DUT_data = 1, Expected_data = 1

At 4170000 on op 1
a = 520586046, b = 3129325685
Result -> DUT_data = 1686227657, Expected_data = 1686227657

At 4185000 on op 7
a = 3734399165, b = 2
Result -> DUT_data = 2052694772, Expected_data = 2052694772

At 4200000 on op 3
a = 1209390480, b = 2826962001
Result -> DUT_data = 1, Expected_data = 1

At 4215000 on op 7
a = 1890351585, b = 11
Result -> DUT_data = 1674512384, Expected_data = 1674512384

At 4230000 on op 10
a = 1928644069, b = 1044147580
Result -> DUT_data = 1044147580, Expected_data = 1044147580

At 4245000 on op 0
a = 1394312614, b = 1971911147
Result -> DUT_data = 3366223761, Expected_data = 3366223761

At 4260000 on op 7
a = 156921106, b = 7
Result -> DUT_data = 2906032384, Expected_data = 2906032384

At 4275000 on op 3
a = 2145467391, b = 272814368
Result -> DUT_data = 0, Expected_data = 0

At 4290000 on op 5
a = 945984368, b = 3113750131
Result -> DUT_data = 3120209779, Expected_data = 3120209779

At 4305000 on op 2
a = 1675230151, b = -5672193
Result -> DUT_data = 0, Expected_data = 0

At 4320000 on op 8
a = 3323750028, b = 0
Result -> DUT_data = 3323750028, Expected_data = 3323750028

At 4335000 on op 10
a = 2046236147, b = 1231955858
Result -> DUT_data = 1231955858, Expected_data = 1231955858

At 4350000 on op 6
a = 2329523733, b = 4098968808
Result -> DUT_data = 2152793088, Expected_data = 2152793088

At 4365000 on op 9
a = 279292705, b = 20
Result -> DUT_data = 266, Expected_data = 266

At 4380000 on op 3
a = 1741881295, b = 3615533743
Result -> DUT_data = 1, Expected_data = 1

At 4395000 on op 4
a = 3291472520, b = 1776467923
Result -> DUT_data = 2915917147, Expected_data = 2915917147

At 4410000 on op 5
a = 191331094, b = 3698989752
Result -> DUT_data = 3749673918, Expected_data = 3749673918

At 4425000 on op 7
a = 3642131634, b = 31
Result -> DUT_data = 0, Expected_data = 0

At 4440000 on op 8
a = 2129263613, b = 5
Result -> DUT_data = 66539487, Expected_data = 66539487

At 4455000 on op 8
a = 2091932153, b = 20
Result -> DUT_data = 1995, Expected_data = 1995

At 4470000 on op 3
a = 631017291, b = 2666483261
Result -> DUT_data = 1, Expected_data = 1

At 4485000 on op 8
a = 3114257523, b = 17
Result -> DUT_data = 23759, Expected_data = 23759

At 4500000 on op 7
a = 2366903834, b = 24
Result -> DUT_data = 436207616, Expected_data = 436207616

At 4515000 on op 3
a = 306534180, b = 2085363192
Result -> DUT_data = 1, Expected_data = 1

At 4530000 on op 8
a = 2164088321, b = 6
Result -> DUT_data = 33813880, Expected_data = 33813880

At 4545000 on op 9
a = 2237066250, b = 8
Result -> DUT_data = 4286928620, Expected_data = 4286928620

At 4560000 on op 3
a = 446988085, b = 742558552
Result -> DUT_data = 1, Expected_data = 1

At 4575000 on op 0
a = 1513921972, b = 4057388771
Result -> DUT_data = 1276343447, Expected_data = 1276343447

At 4590000 on op 6
a = 1741213647, b = 470283064
Result -> DUT_data = 67158792, Expected_data = 67158792

At 4605000 on op 3
a = 3401856149, b = 2290586641
Result -> DUT_data = 0, Expected_data = 0

At 4620000 on op 1
a = 3396065428, b = 1749906896
Result -> DUT_data = 1646158532, Expected_data = 1646158532

At 4635000 on op 0
a = 3872624845, b = 615424329
Result -> DUT_data = 193081878, Expected_data = 193081878

At 4650000 on op 1
a = 3699237560, b = 3596347564
Result -> DUT_data = 102889996, Expected_data = 102889996

At 4665000 on op 7
a = 955178353, b = 5
Result -> DUT_data = 500936224, Expected_data = 500936224

At 4680000 on op 7
a = 2489267240, b = 24
Result -> DUT_data = 671088640, Expected_data = 671088640

At 4695000 on op 1
a = 3648126130, b = 3840928969
Result -> DUT_data = 4102164457, Expected_data = 4102164457

At 4710000 on op 3
a = 1846216668, b = 3015069799
Result -> DUT_data = 1, Expected_data = 1

At 4725000 on op 9
a = 2034889202, b = 2
Result -> DUT_data = 508722300, Expected_data = 508722300

At 4740000 on op 8
a = 3503676577, b = 16
Result -> DUT_data = 53461, Expected_data = 53461

At 4755000 on op 2
a = -226903324, b = 299281699
Result -> DUT_data = 1, Expected_data = 1

At 4770000 on op 5
a = 3663875252, b = 692442450
Result -> DUT_data = 4217888246, Expected_data = 4217888246

At 4785000 on op 10
a = 1804952023, b = 463783735
Result -> DUT_data = 463783735, Expected_data = 463783735

At 4800000 on op 1
a = 1174297483, b = 1342157215
Result -> DUT_data = 4127107564, Expected_data = 4127107564

At 4815000 on op 7
a = 3123521652, b = 30
Result -> DUT_data = 0, Expected_data = 0

At 4830000 on op 6
a = 2286082576, b = 1536436151
Result -> DUT_data = 134218256, Expected_data = 134218256

At 4845000 on op 9
a = 19335938, b = 28
Result -> DUT_data = 0, Expected_data = 0

At 4860000 on op 1
a = 4054908131, b = 2202854406
Result -> DUT_data = 1852053725, Expected_data = 1852053725

At 4875000 on op 4
a = 4007165661, b = 3202302589
Result -> DUT_data = 1342651552, Expected_data = 1342651552

At 4890000 on op 4
a = 1880984544, b = 3503595681
Result -> DUT_data = 2697538369, Expected_data = 2697538369

At 4905000 on op 7
a = 2760567881, b = 25
Result -> DUT_data = 2449473536, Expected_data = 2449473536

At 4920000 on op 9
a = 3165089913, b = 24
Result -> DUT_data = 4294967228, Expected_data = 4294967228

At 4935000 on op 7
a = 44580101, b = 13
Result -> DUT_data = 127967232, Expected_data = 127967232

At 4950000 on op 6
a = 3877472462, b = 436322100
Result -> DUT_data = 33654788, Expected_data = 33654788

At 4965000 on op 0
a = 2792780876, b = 3274391686
Result -> DUT_data = 1772205266, Expected_data = 1772205266

At 4980000 on op 8
a = 3122191476, b = 30
Result -> DUT_data = 2, Expected_data = 2

At 4995000 on op 0
a = 594935622, b = 1603725247
Result -> DUT_data = 2198660869, Expected_data = 2198660869

At 5010000 on op 4
a = 441548596, b = 3030488169
Result -> DUT_data = 2935024477, Expected_data = 2935024477

At 5025000 on op 2
a = 1829730778, b = -1790761942
Result -> DUT_data = 0, Expected_data = 0

At 5040000 on op 6
a = 310552869, b = 460877622
Result -> DUT_data = 302000420, Expected_data = 302000420

At 5055000 on op 8
a = 2326837781, b = 2
Result -> DUT_data = 581709445, Expected_data = 581709445

At 5070000 on op 6
a = 3238087298, b = 3884917967
Result -> DUT_data = 3238068354, Expected_data = 3238068354

At 5085000 on op 0
a = 3590317739, b = 1115885445
Result -> DUT_data = 411235888, Expected_data = 411235888

At 5100000 on op 1
a = 4139726061, b = 2132550654
Result -> DUT_data = 2007175407, Expected_data = 2007175407

At 5115000 on op 7
a = 1488468401, b = 13
Result -> DUT_data = 120987648, Expected_data = 120987648

At 5130000 on op 2
a = -1639808964, b = -1699840971
Result -> DUT_data = 0, Expected_data = 0

At 5145000 on op 8
a = 902795115, b = 29
Result -> DUT_data = 1, Expected_data = 1

At 5160000 on op 9
a = 763060570, b = 27
Result -> DUT_data = 5, Expected_data = 5

At 5175000 on op 0
a = 256499486, b = 3672146613
Result -> DUT_data = 3928646099, Expected_data = 3928646099

At 5190000 on op 0
a = 758911322, b = 1434000298
Result -> DUT_data = 2192911620, Expected_data = 2192911620

At 5205000 on op 2
a = -1319194014, b = -2002625007
Result -> DUT_data = 0, Expected_data = 0

At 5220000 on op 0
a = 109910285, b = 2163401217
Result -> DUT_data = 2273311502, Expected_data = 2273311502

At 5235000 on op 7
a = 2017282544, b = 28
Result -> DUT_data = 0, Expected_data = 0

At 5250000 on op 9
a = 2912481371, b = 25
Result -> DUT_data = 4294967254, Expected_data = 4294967254

At 5265000 on op 1
a = 3052589675, b = 3635933873
Result -> DUT_data = 3711623098, Expected_data = 3711623098

At 5280000 on op 2
a = -739987801, b = -123940623
Result -> DUT_data = 1, Expected_data = 1

At 5295000 on op 8
a = 3670943925, b = 20
Result -> DUT_data = 3500, Expected_data = 3500

At 5310000 on op 4
a = 3579923114, b = 396538159
Result -> DUT_data = 3267623813, Expected_data = 3267623813

At 5325000 on op 8
a = 3730201788, b = 12
Result -> DUT_data = 910693, Expected_data = 910693

At 5340000 on op 9
a = 3365717649, b = 11
Result -> DUT_data = 4294513560, Expected_data = 4294513560

At 5355000 on op 2
a = 1615700928, b = -1344285089
Result -> DUT_data = 0, Expected_data = 0

At 5370000 on op 1
a = 161067283, b = 749017433
Result -> DUT_data = 3707017146, Expected_data = 3707017146

At 5385000 on op 8
a = 979204468, b = 27
Result -> DUT_data = 7, Expected_data = 7

At 5400000 on op 10
a = 4071321829, b = 2005051887
Result -> DUT_data = 2005051887, Expected_data = 2005051887

At 5415000 on op 5
a = 4234300664, b = 1684998600
Result -> DUT_data = 4235152888, Expected_data = 4235152888

At 5430000 on op 8
a = 386370350, b = 30
Result -> DUT_data = 0, Expected_data = 0

At 5445000 on op 8
a = 1532026806, b = 16
Result -> DUT_data = 23376, Expected_data = 23376

At 5460000 on op 10
a = 414207793, b = 93998859
Result -> DUT_data = 93998859, Expected_data = 93998859

At 5475000 on op 2
a = -1628115907, b = -1509707188
Result -> DUT_data = 1, Expected_data = 1

At 5490000 on op 9
a = 3518482083, b = 12
Result -> DUT_data = 4294777724, Expected_data = 4294777724

At 5505000 on op 1
a = 187499798, b = 1077881216
Result -> DUT_data = 3404585878, Expected_data = 3404585878

At 5520000 on op 3
a = 3451272347, b = 932849519
Result -> DUT_data = 0, Expected_data = 0

At 5535000 on op 2
a = 2120657916, b = 403211568
Result -> DUT_data = 0, Expected_data = 0

At 5550000 on op 9
a = 817585505, b = 14
Result -> DUT_data = 49901, Expected_data = 49901

At 5565000 on op 10
a = 3822949575, b = 1274313623
Result -> DUT_data = 1274313623, Expected_data = 1274313623

At 5580000 on op 0
a = 3038122090, b = 813280096
Result -> DUT_data = 3851402186, Expected_data = 3851402186

At 5595000 on op 5
a = 2811822159, b = 4180504306
Result -> DUT_data = 4290604799, Expected_data = 4290604799

At 5610000 on op 10
a = 1155241865, b = 3758589120
Result -> DUT_data = 3758589120, Expected_data = 3758589120

At 5625000 on op 3
a = 1247810964, b = 2198750214
Result -> DUT_data = 1, Expected_data = 1

At 5640000 on op 5
a = 4014449886, b = 3800499909
Result -> DUT_data = 4022839007, Expected_data = 4022839007

At 5655000 on op 7
a = 1173307275, b = 14
Result -> DUT_data = 3487744000, Expected_data = 3487744000

At 5670000 on op 0
a = 1660254661, b = 760186202
Result -> DUT_data = 2420440863, Expected_data = 2420440863

At 5685000 on op 7
a = 3577875626, b = 18
Result -> DUT_data = 849870848, Expected_data = 849870848

At 5700000 on op 4
a = 714582357, b = 1964984298
Result -> DUT_data = 1602809535, Expected_data = 1602809535

At 5715000 on op 2
a = -1506065844, b = 1636184515
Result -> DUT_data = 1, Expected_data = 1

At 5730000 on op 7
a = 409681712, b = 24
Result -> DUT_data = 805306368, Expected_data = 805306368

At 5745000 on op 10
a = 1021422457, b = 3752963263
Result -> DUT_data = 3752963263, Expected_data = 3752963263

At 5760000 on op 7
a = 3527463588, b = 31
Result -> DUT_data = 0, Expected_data = 0

At 5775000 on op 3
a = 2032709618, b = 3265814661
Result -> DUT_data = 1, Expected_data = 1

At 5790000 on op 5
a = 3431222425, b = 3378186898
Result -> DUT_data = 3453963931, Expected_data = 3453963931

At 5805000 on op 5
a = 3873923789, b = 129033487
Result -> DUT_data = 3891783631, Expected_data = 3891783631

At 5820000 on op 2
a = 104558860, b = 1893054945
Result -> DUT_data = 1, Expected_data = 1

At 5835000 on op 8
a = 3951265495, b = 14
Result -> DUT_data = 241166, Expected_data = 241166

At 5850000 on op 6
a = 3414585495, b = 1029841786
Result -> DUT_data = 151134226, Expected_data = 151134226

At 5865000 on op 3
a = 1134916999, b = 80349449
Result -> DUT_data = 0, Expected_data = 0

At 5880000 on op 10
a = 524157758, b = 747777881
Result -> DUT_data = 747777881, Expected_data = 747777881

At 5895000 on op 1
a = 1246666132, b = 426021682
Result -> DUT_data = 820644450, Expected_data = 820644450

At 5910000 on op 3
a = 41048324, b = 440410932
Result -> DUT_data = 1, Expected_data = 1

At 5925000 on op 7
a = 1732333006, b = 27
Result -> DUT_data = 1879048192, Expected_data = 1879048192

At 5940000 on op 5
a = 1250268053, b = 100657931
Result -> DUT_data = 1342176159, Expected_data = 1342176159

At 5955000 on op 5
a = 3041347690, b = 250962205
Result -> DUT_data = 3220662655, Expected_data = 3220662655

At 5970000 on op 7
a = 3461624476, b = 21
Result -> DUT_data = 1400897536, Expected_data = 1400897536

At 5985000 on op 3
a = 2961241697, b = 3627396272
Result -> DUT_data = 1, Expected_data = 1

At 6000000 on op 3
a = 2277929487, b = 1058561918
Result -> DUT_data = 0, Expected_data = 0

At 6015000 on op 1
a = 545880385, b = 2136481278
Result -> DUT_data = 2704366403, Expected_data = 2704366403

At 6030000 on op 2
a = -1919950309, b = -1960393706
Result -> DUT_data = 0, Expected_data = 0

At 6045000 on op 7
a = 681782097, b = 14
Result -> DUT_data = 3402907648, Expected_data = 3402907648

At 6060000 on op 6
a = 4253426427, b = 4110993642
Result -> DUT_data = 4110418154, Expected_data = 4110418154

At 6075000 on op 2
a = 1905053667, b = -519467838
Result -> DUT_data = 0, Expected_data = 0

At 6090000 on op 7
a = 1001262455, b = 30
Result -> DUT_data = 3221225472, Expected_data = 3221225472

At 6105000 on op 10
a = 2866807893, b = 930916718
Result -> DUT_data = 930916718, Expected_data = 930916718

At 6120000 on op 4
a = 1797642198, b = 2401296926
Result -> DUT_data = 3825546696, Expected_data = 3825546696

At 6135000 on op 1
a = 714616661, b = 41500932
Result -> DUT_data = 673115729, Expected_data = 673115729

At 6150000 on op 9
a = 1657473477, b = 13
Result -> DUT_data = 202328, Expected_data = 202328

At 6165000 on op 4
a = 1922988005, b = 1227072914
Result -> DUT_data = 1002295927, Expected_data = 1002295927

At 6180000 on op 7
a = 54673670, b = 0
Result -> DUT_data = 54673670, Expected_data = 54673670

At 6195000 on op 3
a = 959568754, b = 773934940
Result -> DUT_data = 0, Expected_data = 0

At 6210000 on op 9
a = 4013982430, b = 6
Result -> DUT_data = 4290576907, Expected_data = 4290576907

At 6225000 on op 10
a = 1568675771, b = 1974782955
Result -> DUT_data = 1974782955, Expected_data = 1974782955

At 6240000 on op 1
a = 963296114, b = 529834815
Result -> DUT_data = 433461299, Expected_data = 433461299

At 6255000 on op 2
a = 2016407024, b = -1739844560
Result -> DUT_data = 0, Expected_data = 0

At 6270000 on op 0
a = 3847145162, b = 1686742473
Result -> DUT_data = 1238920339, Expected_data = 1238920339

At 6285000 on op 2
a = 584036165, b = 432649523
Result -> DUT_data = 0, Expected_data = 0

At 6300000 on op 10
a = 2545957935, b = 2179523075
Result -> DUT_data = 2179523075, Expected_data = 2179523075

At 6315000 on op 1
a = 3142191734, b = 3319096971
Result -> DUT_data = 4118062059, Expected_data = 4118062059

At 6330000 on op 6
a = 2795284557, b = 104298252
Result -> DUT_data = 101982220, Expected_data = 101982220

At 6345000 on op 8
a = 1084386177, b = 28
Result -> DUT_data = 4, Expected_data = 4

At 6360000 on op 4
a = 1789437397, b = 2637715002
Result -> DUT_data = 4153471983, Expected_data = 4153471983

At 6375000 on op 0
a = 399654703, b = 4267769084
Result -> DUT_data = 372456491, Expected_data = 372456491

At 6390000 on op 2
a = -1702187467, b = 2024429041
Result -> DUT_data = 1, Expected_data = 1

At 6405000 on op 5
a = 2580142131, b = 1019128185
Result -> DUT_data = 3187669371, Expected_data = 3187669371

At 6420000 on op 4
a = 4211899638, b = 651717965
Result -> DUT_data = 3721662907, Expected_data = 3721662907

At 6435000 on op 10
a = 2222889992, b = 563159363
Result -> DUT_data = 563159363, Expected_data = 563159363

At 6450000 on op 1
a = 1577373628, b = 1413688744
Result -> DUT_data = 163684884, Expected_data = 163684884

At 6465000 on op 9
a = 234662171, b = 11
Result -> DUT_data = 114581, Expected_data = 114581

At 6480000 on op 10
a = 2918632027, b = 2689342528
Result -> DUT_data = 2689342528, Expected_data = 2689342528

At 6495000 on op 2
a = 1418846121, b = -31992068
Result -> DUT_data = 0, Expected_data = 0

At 6510000 on op 5
a = 2227361289, b = 171484436
Result -> DUT_data = 2398811933, Expected_data = 2398811933

At 6525000 on op 1
a = 2984152675, b = 1246218132
Result -> DUT_data = 1737934543, Expected_data = 1737934543

At 6540000 on op 5
a = 3853070539, b = 2916770395
Result -> DUT_data = 3992679131, Expected_data = 3992679131

At 6555000 on op 0
a = 2931952221, b = 3577991850
Result -> DUT_data = 2214976775, Expected_data = 2214976775

At 6570000 on op 5
a = 153780498, b = 4277604605
Result -> DUT_data = 4294939135, Expected_data = 4294939135

At 6585000 on op 7
a = 3340754062, b = 16
Result -> DUT_data = 3700293632, Expected_data = 3700293632

At 6600000 on op 9
a = 3999208668, b = 0
Result -> DUT_data = 3999208668, Expected_data = 3999208668

At 6615000 on op 8
a = 3376428690, b = 10
Result -> DUT_data = 3297293, Expected_data = 3297293

At 6630000 on op 10
a = 2697342529, b = 4222767863
Result -> DUT_data = 4222767863, Expected_data = 4222767863

At 6645000 on op 8
a = 3970198233, b = 31
Result -> DUT_data = 1, Expected_data = 1

At 6660000 on op 1
a = 1120436101, b = 627897674
Result -> DUT_data = 492538427, Expected_data = 492538427

At 6675000 on op 8
a = 1951823848, b = 4
Result -> DUT_data = 121988990, Expected_data = 121988990

At 6690000 on op 6
a = 28472067, b = 3685892791
Result -> DUT_data = 28459523, Expected_data = 28459523

At 6705000 on op 0
a = 993682294, b = 3306689674
Result -> DUT_data = 5404672, Expected_data = 5404672

At 6720000 on op 2
a = 542606656, b = -639029581
Result -> DUT_data = 0, Expected_data = 0

At 6735000 on op 6
a = 2208509959, b = 3791502019
Result -> DUT_data = 2174824451, Expected_data = 2174824451

At 6750000 on op 0
a = 2465054245, b = 1996599278
Result -> DUT_data = 166686227, Expected_data = 166686227

At 6765000 on op 9
a = 268295455, b = 3
Result -> DUT_data = 33536931, Expected_data = 33536931

At 6780000 on op 9
a = 2375332379, b = 21
Result -> DUT_data = 4294966380, Expected_data = 4294966380

At 6795000 on op 3
a = 2641820218, b = 480571705
Result -> DUT_data = 0, Expected_data = 0

At 6810000 on op 7
a = 1073652607, b = 15
Result -> DUT_data = 1371504640, Expected_data = 1371504640

At 6825000 on op 10
a = 3460106396, b = 1199102350
Result -> DUT_data = 1199102350, Expected_data = 1199102350

At 6840000 on op 2
a = 901570923, b = 2113110011
Result -> DUT_data = 1, Expected_data = 1

At 6855000 on op 3
a = 3056962156, b = 697873235
Result -> DUT_data = 0, Expected_data = 0

At 6870000 on op 2
a = -1067440512, b = 348138793
Result -> DUT_data = 1, Expected_data = 1

At 6885000 on op 9
a = 2322055700, b = 11
Result -> DUT_data = 4294003960, Expected_data = 4294003960

At 6900000 on op 3
a = 3673662133, b = 2357081112
Result -> DUT_data = 0, Expected_data = 0

At 6915000 on op 5
a = 463087415, b = 334757671
Result -> DUT_data = 469499703, Expected_data = 469499703

At 6930000 on op 7
a = 1515095988, b = 0
Result -> DUT_data = 1515095988, Expected_data = 1515095988

At 6945000 on op 3
a = 3544920230, b = 864333159
Result -> DUT_data = 0, Expected_data = 0

At 6960000 on op 1
a = 2826782288, b = 2395601437
Result -> DUT_data = 431180851, Expected_data = 431180851

At 6975000 on op 9
a = 2473331238, b = 20
Result -> DUT_data = 4294965558, Expected_data = 4294965558

At 6990000 on op 2
a = -1836272091, b = 892693866
Result -> DUT_data = 1, Expected_data = 1

At 7005000 on op 1
a = 3165019257, b = 3722603707
Result -> DUT_data = 3737382846, Expected_data = 3737382846

At 7020000 on op 0
a = 2563047985, b = 1487468465
Result -> DUT_data = 4050516450, Expected_data = 4050516450

At 7035000 on op 2
a = -1987329517, b = -4668161
Result -> DUT_data = 1, Expected_data = 1

At 7050000 on op 0
a = 3942780630, b = 1464546734
Result -> DUT_data = 1112360068, Expected_data = 1112360068

At 7065000 on op 3
a = 3970567897, b = 879639912
Result -> DUT_data = 0, Expected_data = 0

At 7080000 on op 7
a = 3478524574, b = 17
Result -> DUT_data = 624689152, Expected_data = 624689152

At 7095000 on op 9
a = 1992438765, b = 26
Result -> DUT_data = 29, Expected_data = 29

At 7110000 on op 9
a = 647289677, b = 22
Result -> DUT_data = 154, Expected_data = 154

At 7125000 on op 10
a = 1294123418, b = 1196231566
Result -> DUT_data = 1196231566, Expected_data = 1196231566

At 7140000 on op 1
a = 200456983, b = 2631893561
Result -> DUT_data = 1863530718, Expected_data = 1863530718

At 7155000 on op 8
a = 2021851121, b = 24
Result -> DUT_data = 120, Expected_data = 120

At 7170000 on op 10
a = 602453831, b = 1204574607
Result -> DUT_data = 1204574607, Expected_data = 1204574607

At 7185000 on op 10
a = 897130858, b = 393503022
Result -> DUT_data = 393503022, Expected_data = 393503022

At 7200000 on op 3
a = 257724702, b = 2396346397
Result -> DUT_data = 1, Expected_data = 1

At 7215000 on op 6
a = 2378732059, b = 1249973141
Result -> DUT_data = 142610961, Expected_data = 142610961

At 7230000 on op 9
a = 1216992145, b = 3
Result -> DUT_data = 152124018, Expected_data = 152124018

At 7245000 on op 5
a = 3883321550, b = 696808787
Result -> DUT_data = 4026465759, Expected_data = 4026465759

At 7260000 on op 1
a = 2751726152, b = 2352708632
Result -> DUT_data = 399017520, Expected_data = 399017520

At 7275000 on op 9
a = 3406328470, b = 21
Result -> DUT_data = 4294966872, Expected_data = 4294966872

At 7290000 on op 5
a = 1969431530, b = 722787158
Result -> DUT_data = 2138569726, Expected_data = 2138569726

At 7305000 on op 3
a = 1747077072, b = 1704781259
Result -> DUT_data = 0, Expected_data = 0

At 7320000 on op 6
a = 961460594, b = 2603878454
Result -> DUT_data = 419694642, Expected_data = 419694642

At 7335000 on op 4
a = 4086345447, b = 277702945
Result -> DUT_data = 3810379718, Expected_data = 3810379718

At 7350000 on op 9
a = 3601404589, b = 17
Result -> DUT_data = 4294962004, Expected_data = 4294962004

At 7365000 on op 9
a = 2360784409, b = 27
Result -> DUT_data = 4294967281, Expected_data = 4294967281

At 7380000 on op 5
a = 2851532883, b = 2479229479
Result -> DUT_data = 3153525367, Expected_data = 3153525367

At 7395000 on op 5
a = 1846791644, b = 4059222243
Result -> DUT_data = 4294172159, Expected_data = 4294172159

At 7410000 on op 9
a = 3810461894, b = 30
Result -> DUT_data = 4294967295, Expected_data = 4294967295

At 7425000 on op 10
a = 2043779571, b = 3373285522
Result -> DUT_data = 3373285522, Expected_data = 3373285522

At 7440000 on op 10
a = 355140906, b = 623424330
Result -> DUT_data = 623424330, Expected_data = 623424330

At 7455000 on op 8
a = 2191891461, b = 22
Result -> DUT_data = 522, Expected_data = 522

At 7470000 on op 6
a = 2740686406, b = 54181126
Result -> DUT_data = 52071430, Expected_data = 52071430

At 7485000 on op 3
a = 1279617432, b = 19817730
Result -> DUT_data = 0, Expected_data = 0

At 7500000 on op 7
a = 2953481824, b = 2
Result -> DUT_data = 3223992704, Expected_data = 3223992704

At 7515000 on op 9
a = 251798814, b = 26
Result -> DUT_data = 3, Expected_data = 3

At 7530000 on op 0
a = 1144286088, b = 2946169439
Result -> DUT_data = 4090455527, Expected_data = 4090455527

At 7545000 on op 2
a = 1986387948, b = -644732237
Result -> DUT_data = 0, Expected_data = 0

At 7560000 on op 7
a = 3481186462, b = 24
Result -> DUT_data = 2650800128, Expected_data = 2650800128

At 7575000 on op 0
a = 1181297548, b = 3800423109
Result -> DUT_data = 686753361, Expected_data = 686753361

At 7590000 on op 7
a = 186153238, b = 19
Result -> DUT_data = 3366977536, Expected_data = 3366977536

At 7605000 on op 6
a = 2557671472, b = 3794895556
Result -> DUT_data = 2150662144, Expected_data = 2150662144

At 7620000 on op 2
a = 632201035, b = -1467253679
Result -> DUT_data = 0, Expected_data = 0

At 7635000 on op 4
a = 2279718415, b = 70470920
Result -> DUT_data = 2211640071, Expected_data = 2211640071

At 7650000 on op 0
a = 1114376068, b = 2987810916
Result -> DUT_data = 4102186984, Expected_data = 4102186984

At 7665000 on op 3
a = 496582459, b = 3114308723
Result -> DUT_data = 1, Expected_data = 1

At 7680000 on op 9
a = 1617801152, b = 2
Result -> DUT_data = 404450288, Expected_data = 404450288

At 7695000 on op 8
a = 1984238060, b = 7
Result -> DUT_data = 15501859, Expected_data = 15501859

At 7710000 on op 10
a = 1184986509, b = 900344171
Result -> DUT_data = 900344171, Expected_data = 900344171

At 7725000 on op 9
a = 3290624136, b = 13
Result -> DUT_data = 4294844695, Expected_data = 4294844695

At 7740000 on op 6
a = 3320855179, b = 3979877594
Result -> DUT_data = 3308263562, Expected_data = 3308263562

At 7755000 on op 4
a = 3930821332, b = 102165772
Result -> DUT_data = 3965550552, Expected_data = 3965550552

At 7770000 on op 10
a = 4108929257, b = 1049408381
Result -> DUT_data = 1049408381, Expected_data = 1049408381

At 7785000 on op 9
a = 3956744407, b = 8
Result -> DUT_data = 4293646112, Expected_data = 4293646112

At 7800000 on op 3
a = 3859577548, b = 1399220646
Result -> DUT_data = 0, Expected_data = 0

At 7815000 on op 4
a = 1648128452, b = 725736790
Result -> DUT_data = 1232972946, Expected_data = 1232972946

At 7830000 on op 3
a = 3587848363, b = 2351858200
Result -> DUT_data = 0, Expected_data = 0

At 7845000 on op 4
a = 529421631, b = 3543110310
Result -> DUT_data = 3433154457, Expected_data = 3433154457

At 7860000 on op 4
a = 403079984, b = 327502119
Result -> DUT_data = 193186327, Expected_data = 193186327

At 7875000 on op 2
a = -1402004392, b = -742469977
Result -> DUT_data = 1, Expected_data = 1

At 7890000 on op 6
a = 237204764, b = 2463572005
Result -> DUT_data = 33759236, Expected_data = 33759236

At 7905000 on op 7
a = 2720874564, b = 13
Result -> DUT_data = 2819129344, Expected_data = 2819129344

At 7920000 on op 0
a = 1762975698, b = 317385509
Result -> DUT_data = 2080361207, Expected_data = 2080361207

At 7935000 on op 5
a = 4247075578, b = 3556048551
Result -> DUT_data = 4294311679, Expected_data = 4294311679

At 7950000 on op 9
a = 682217297, b = 16
Result -> DUT_data = 10409, Expected_data = 10409

At 7965000 on op 6
a = 4229595384, b = 3090251888
Result -> DUT_data = 3088089200, Expected_data = 3088089200

At 7980000 on op 8
a = 2198622726, b = 14
Result -> DUT_data = 134193, Expected_data = 134193

At 7995000 on op 0
a = 3780405442, b = 537891136
Result -> DUT_data = 23329282, Expected_data = 23329282

At 8010000 on op 2
a = 107651340, b = 751761241
Result -> DUT_data = 1, Expected_data = 1

At 8025000 on op 6
a = 1511406004, b = 2065906678
Result -> DUT_data = 1510095284, Expected_data = 1510095284

At 8040000 on op 0
a = 2643985467, b = 3999951580
Result -> DUT_data = 2348969751, Expected_data = 2348969751

At 8055000 on op 5
a = 3148319351, b = 1355175841
Result -> DUT_data = 4226277367, Expected_data = 4226277367

At 8070000 on op 5
a = 373676844, b = 978970996
Result -> DUT_data = 1046346620, Expected_data = 1046346620

At 8085000 on op 1
a = 818113889, b = 1683850184
Result -> DUT_data = 3429231001, Expected_data = 3429231001

At 8100000 on op 4
a = 2683374655, b = 1537371063
Result -> DUT_data = 3293800328, Expected_data = 3293800328

At 8115000 on op 2
a = 154380562, b = -1512236469
Result -> DUT_data = 0, Expected_data = 0

At 8130000 on op 9
a = 636700491, b = 0
Result -> DUT_data = 636700491, Expected_data = 636700491

At 8145000 on op 5
a = 47099653, b = 1805438423
Result -> DUT_data = 1809772503, Expected_data = 1809772503

At 8160000 on op 2
a = -299549988, b = -785451870
Result -> DUT_data = 0, Expected_data = 0

At 8175000 on op 4
a = 3635097777, b = 1644831684
Result -> DUT_data = 3131118453, Expected_data = 3131118453

At 8190000 on op 5
a = 656260942, b = 2457551908
Result -> DUT_data = 3078618990, Expected_data = 3078618990

At 8205000 on op 6
a = 3535940773, b = 3443112090
Result -> DUT_data = 3221235840, Expected_data = 3221235840

At 8220000 on op 10
a = 4220666615, b = 567288643
Result -> DUT_data = 567288643, Expected_data = 567288643

At 8235000 on op 10
a = 3315048075, b = 2326287893
Result -> DUT_data = 2326287893, Expected_data = 2326287893

At 8250000 on op 2
a = -355589931, b = -1640876484
Result -> DUT_data = 0, Expected_data = 0

At 8265000 on op 6
a = 1889879009, b = 3646786738
Result -> DUT_data = 1342505120, Expected_data = 1342505120

At 8280000 on op 0
a = 1543010743, b = 3126784116
Result -> DUT_data = 374827563, Expected_data = 374827563

At 8295000 on op 0
a = 1479424, b = 3380061842
Result -> DUT_data = 3381541266, Expected_data = 3381541266

At 8310000 on op 6
a = 221258522, b = 574127428
Result -> DUT_data = 3154176, Expected_data = 3154176

At 8325000 on op 3
a = 3225734784, b = 1115139972
Result -> DUT_data = 0, Expected_data = 0

At 8340000 on op 4
a = 4201102580, b = 2230436873
Result -> DUT_data = 2123790589, Expected_data = 2123790589

At 8355000 on op 4
a = 2129850365, b = 3964498136
Result -> DUT_data = 2462031653, Expected_data = 2462031653

At 8370000 on op 2
a = -1744723408, b = 1878685151
Result -> DUT_data = 1, Expected_data = 1

At 8385000 on op 5
a = 3595154092, b = 119765774
Result -> DUT_data = 3614178222, Expected_data = 3614178222

At 8400000 on op 5
a = 4247515386, b = 3869965005
Result -> DUT_data = 4289460991, Expected_data = 4289460991

At 8415000 on op 8
a = 1569952699, b = 14
Result -> DUT_data = 95822, Expected_data = 95822

At 8430000 on op 8
a = 4260042491, b = 11
Result -> DUT_data = 2080098, Expected_data = 2080098

At 8445000 on op 4
a = 1509721011, b = 1655734213
Result -> DUT_data = 994901110, Expected_data = 994901110

At 8460000 on op 2
a = 2075708919, b = 1067995519
Result -> DUT_data = 0, Expected_data = 0

At 8475000 on op 1
a = 3578590378, b = 2839081554
Result -> DUT_data = 739508824, Expected_data = 739508824

At 8490000 on op 6
a = 1467702702, b = 2877158998
Result -> DUT_data = 58283014, Expected_data = 58283014

At 8505000 on op 6
a = 2924912732, b = 2698968641
Result -> DUT_data = 2690031680, Expected_data = 2690031680

At 8520000 on op 7
a = 561184066, b = 23
Result -> DUT_data = 2701131776, Expected_data = 2701131776

At 8535000 on op 0
a = 2608435766, b = 1041147772
Result -> DUT_data = 3649583538, Expected_data = 3649583538

At 8550000 on op 10
a = 341184296, b = 3016305767
Result -> DUT_data = 3016305767, Expected_data = 3016305767

At 8565000 on op 6
a = 1512010676, b = 876732264
Result -> DUT_data = 268522272, Expected_data = 268522272

At 8580000 on op 9
a = 232148763, b = 16
Result -> DUT_data = 3542, Expected_data = 3542

At 8595000 on op 6
a = 1135945095, b = 2394333213
Result -> DUT_data = 45359109, Expected_data = 45359109

At 8610000 on op 10
a = 745596760, b = 927509870
Result -> DUT_data = 927509870, Expected_data = 927509870

At 8625000 on op 3
a = 2696406081, b = 3964987608
Result -> DUT_data = 1, Expected_data = 1

At 8640000 on op 7
a = 1986796524, b = 25
Result -> DUT_data = 3623878656, Expected_data = 3623878656

At 8655000 on op 7
a = 1798493142, b = 8
Result -> DUT_data = 852743680, Expected_data = 852743680

At 8670000 on op 5
a = 1033381243, b = 799725919
Result -> DUT_data = 1069219199, Expected_data = 1069219199

At 8685000 on op 6
a = 2930742877, b = 1650667460
Result -> DUT_data = 572720708, Expected_data = 572720708

At 8700000 on op 2
a = -14785794, b = 932166511
Result -> DUT_data = 1, Expected_data = 1

At 8715000 on op 2
a = -2105592316, b = 710732628
Result -> DUT_data = 1, Expected_data = 1

At 8730000 on op 1
a = 2358303257, b = 3293420168
Result -> DUT_data = 3359850385, Expected_data = 3359850385

At 8745000 on op 0
a = 3150091895, b = 3498308257
Result -> DUT_data = 2353432856, Expected_data = 2353432856

At 8760000 on op 5
a = 2649720891, b = 699221843
Result -> DUT_data = 3186610043, Expected_data = 3186610043

At 8775000 on op 5
a = 1889604065, b = 1846080988
Result -> DUT_data = 2125067773, Expected_data = 2125067773

At 8790000 on op 5
a = 2213554183, b = 4290922751
Result -> DUT_data = 4294076671, Expected_data = 4294076671

At 8805000 on op 6
a = 4074620133, b = 2157271553
Result -> DUT_data = 2157264897, Expected_data = 2157264897

At 8820000 on op 8
a = 3854185675, b = 21
Result -> DUT_data = 1837, Expected_data = 1837

At 8835000 on op 2
a = -1636373444, b = -621573451
Result -> DUT_data = 1, Expected_data = 1

At 8850000 on op 5
a = 1001869687, b = 1885531616
Result -> DUT_data = 2079849975, Expected_data = 2079849975

At 8865000 on op 4
a = 4023927007, b = 1257308565
Result -> DUT_data = 2770944330, Expected_data = 2770944330

At 8880000 on op 5
a = 1057867134, b = 4096346344
Result -> DUT_data = 4281191934, Expected_data = 4281191934

At 8895000 on op 4
a = 3844214986, b = 1158972298
Result -> DUT_data = 2687931200, Expected_data = 2687931200

At 8910000 on op 2
a = -583769926, b = 728893270
Result -> DUT_data = 1, Expected_data = 1

At 8925000 on op 6
a = 2592793653, b = 2988977252
Result -> DUT_data = 2450007076, Expected_data = 2450007076

At 8940000 on op 2
a = -546336066, b = 662938959
Result -> DUT_data = 1, Expected_data = 1

At 8955000 on op 6
a = 4124052715, b = 1939725287
Result -> DUT_data = 1905264867, Expected_data = 1905264867

At 8970000 on op 9
a = 1914209764, b = 19
Result -> DUT_data = 3651, Expected_data = 3651

At 8985000 on op 6
a = 520248126, b = 1266783639
Result -> DUT_data = 184553750, Expected_data = 184553750

At 9000000 on op 9
a = 2641045562, b = 12
Result -> DUT_data = 4294563506, Expected_data = 4294563506

At 9015000 on op 2
a = -1513545141, b = 439100724
Result -> DUT_data = 1, Expected_data = 1

At 9030000 on op 9
a = 1460553134, b = 12
Result -> DUT_data = 356580, Expected_data = 356580

At 9045000 on op 0
a = 3013963879, b = 2974292578
Result -> DUT_data = 1693289161, Expected_data = 1693289161

At 9060000 on op 10
a = 3100951153, b = 2442112547
Result -> DUT_data = 2442112547, Expected_data = 2442112547

At 9075000 on op 0
a = 2279461391, b = 3761559232
Result -> DUT_data = 1746053327, Expected_data = 1746053327

At 9090000 on op 8
a = 237088540, b = 27
Result -> DUT_data = 1, Expected_data = 1

At 9105000 on op 0
a = 3008764006, b = 305997604
Result -> DUT_data = 3314761610, Expected_data = 3314761610

At 9120000 on op 6
a = 3665003188, b = 1309025180
Result -> DUT_data = 1241645716, Expected_data = 1241645716

At 9135000 on op 2
a = -332098856, b = 1650461636
Result -> DUT_data = 1, Expected_data = 1

At 9150000 on op 1
a = 2958625888, b = 3363774096
Result -> DUT_data = 3889819088, Expected_data = 3889819088

At 9165000 on op 1
a = 512550717, b = 2213730823
Result -> DUT_data = 2593787190, Expected_data = 2593787190

At 9180000 on op 3
a = 3617005743, b = 1854888925
Result -> DUT_data = 0, Expected_data = 0

At 9195000 on op 9
a = 689677138, b = 22
Result -> DUT_data = 164, Expected_data = 164

At 9210000 on op 10
a = 4077761254, b = 82323209
Result -> DUT_data = 82323209, Expected_data = 82323209

At 9225000 on op 5
a = 3707458745, b = 193204503
Result -> DUT_data = 3758052799, Expected_data = 3758052799

At 9240000 on op 1
a = 4233129720, b = 2390445596
Result -> DUT_data = 1842684124, Expected_data = 1842684124

At 9255000 on op 1
a = 2831501393, b = 1906064867
Result -> DUT_data = 925436526, Expected_data = 925436526

At 9270000 on op 4
a = 616474953, b = 3273687686
Result -> DUT_data = 3885902799, Expected_data = 3885902799

At 9285000 on op 7
a = 1768502226, b = 3
Result -> DUT_data = 1263115920, Expected_data = 1263115920

At 9300000 on op 10
a = 4051236066, b = 1968947690
Result -> DUT_data = 1968947690, Expected_data = 1968947690

At 9315000 on op 3
a = 1647604164, b = 3168325241
Result -> DUT_data = 1, Expected_data = 1

At 9330000 on op 7
a = 138003216, b = 24
Result -> DUT_data = 268435456, Expected_data = 268435456

At 9345000 on op 8
a = 1183240077, b = 19
Result -> DUT_data = 2256, Expected_data = 2256

At 9360000 on op 9
a = 541885248, b = 15
Result -> DUT_data = 16537, Expected_data = 16537

At 9375000 on op 7
a = 1094162306, b = 3
Result -> DUT_data = 163363856, Expected_data = 163363856

At 9390000 on op 0
a = 2710893635, b = 3877024462
Result -> DUT_data = 2292950801, Expected_data = 2292950801

At 9405000 on op 4
a = 3835881161, b = 1079430016
Result -> DUT_data = 2767465801, Expected_data = 2767465801

At 9420000 on op 1
a = 3055785068, b = 993396086
Result -> DUT_data = 2062388982, Expected_data = 2062388982

At 9435000 on op 7
a = 725779798, b = 5
Result -> DUT_data = 1750117056, Expected_data = 1750117056

At 9450000 on op 7
a = 2297520657, b = 18
Result -> DUT_data = 2286157824, Expected_data = 2286157824

At 9465000 on op 0
a = 1282240408, b = 788472669
Result -> DUT_data = 2070713077, Expected_data = 2070713077

At 9480000 on op 4
a = 3086159471, b = 2980584547
Result -> DUT_data = 106631692, Expected_data = 106631692

At 9495000 on op 4
a = 3904180433, b = 2564302897
Result -> DUT_data = 1886206176, Expected_data = 1886206176

At 9510000 on op 6
a = 2246371851, b = 3250418819
Result -> DUT_data = 2175033347, Expected_data = 2175033347

At 9525000 on op 10
a = 931382639, b = 3884905167
Result -> DUT_data = 3884905167, Expected_data = 3884905167

At 9540000 on op 7
a = 2686273600, b = 29
Result -> DUT_data = 0, Expected_data = 0

At 9555000 on op 9
a = 4220626679, b = 29
Result -> DUT_data = 4294967295, Expected_data = 4294967295

At 9570000 on op 9
a = 2130024445, b = 23
Result -> DUT_data = 253, Expected_data = 253

At 9585000 on op 10
a = 3090487920, b = 1319245213
Result -> DUT_data = 1319245213, Expected_data = 1319245213

At 9600000 on op 0
a = 1155444617, b = 583357765
Result -> DUT_data = 1738802382, Expected_data = 1738802382

At 9615000 on op 2
a = 800850271, b = -999950712
Result -> DUT_data = 0, Expected_data = 0

At 9630000 on op 8
a = 1756645841, b = 8
Result -> DUT_data = 6861897, Expected_data = 6861897

At 9645000 on op 9
a = 1192790414, b = 20
Result -> DUT_data = 1137, Expected_data = 1137

At 9660000 on op 2
a = -1269777304, b = 972316531
Result -> DUT_data = 1, Expected_data = 1

At 9675000 on op 6
a = 791933278, b = 1577811900
Result -> DUT_data = 235106588, Expected_data = 235106588

At 9690000 on op 2
a = 1652043716, b = 551385409
Result -> DUT_data = 0, Expected_data = 0

At 9705000 on op 5
a = 118284558, b = 738018647
Result -> DUT_data = 805168479, Expected_data = 805168479

At 9720000 on op 9
a = 1508569011, b = 22
Result -> DUT_data = 359, Expected_data = 359

At 9735000 on op 1
a = 3689033399, b = 3166181497
Result -> DUT_data = 522851902, Expected_data = 522851902

At 9750000 on op 6
a = 2392565277, b = 3190905468
Result -> DUT_data = 2383479324, Expected_data = 2383479324

At 9765000 on op 3
a = 669003087, b = 2071220726
Result -> DUT_data = 1, Expected_data = 1

At 9780000 on op 4
a = 313470245, b = 117411597
Result -> DUT_data = 340828712, Expected_data = 340828712

At 9795000 on op 3
a = 561897282, b = 335677224
Result -> DUT_data = 0, Expected_data = 0

At 9810000 on op 0
a = 614934345, b = 4233193208
Result -> DUT_data = 553160257, Expected_data = 553160257

At 9825000 on op 2
a = -1818856921, b = 1159690122
Result -> DUT_data = 1, Expected_data = 1

At 9840000 on op 3
a = 1743102415, b = 2051440116
Result -> DUT_data = 1, Expected_data = 1

At 9855000 on op 4
a = 4200977652, b = 2177145859
Result -> DUT_data = 2074167543, Expected_data = 2074167543

At 9870000 on op 2
a = -2134154751, b = -658624335
Result -> DUT_data = 1, Expected_data = 1

At 9885000 on op 9
a = 1735699918, b = 18
Result -> DUT_data = 6621, Expected_data = 6621

At 9900000 on op 9
a = 1897870306, b = 25
Result -> DUT_data = 56, Expected_data = 56

At 9915000 on op 10
a = 1568931771, b = 2461243941
Result -> DUT_data = 2461243941, Expected_data = 2461243941

At 9930000 on op 3
a = 843345252, b = 609139016
Result -> DUT_data = 0, Expected_data = 0

At 9945000 on op 5
a = 3381770899, b = 2304350738
Result -> DUT_data = 3386489491, Expected_data = 3386489491

At 9960000 on op 2
a = 565918531, b = -1109366661
Result -> DUT_data = 0, Expected_data = 0

At 9975000 on op 9
a = 3625559728, b = 12
Result -> DUT_data = 4294803866, Expected_data = 4294803866

At 9990000 on op 7
a = 4277586173, b = 25
Result -> DUT_data = 4194304000, Expected_data = 4194304000

At 10005000 on op 7
a = 2052065268, b = 7
Result -> DUT_data = 671349248, Expected_data = 671349248